

[Window: Untitled - Notepad - at Tue Nov 23 10:00:05 2021] [LSHIFT][LSHIFT][LSHIFT][LSHIFT][LSHIFT][LSHIFT][LSHIFT][LSHIFT][LSHIFT][LSHIFT][LSHIFT][LSHIFT][LSHIFT]H

[Window: *Untitled - Notepad - at Tue Nov 23 10:00:09 2021] ello_world
zero_hero


[Window: *Untitled - Notepad - at Tue Nov 23 10:02:39 2021] [BACKSPACE][BACKSPACE][BACKSPACE][BACKSPACE][BACKSPACE][BACKSPACE][BACKSPACE][BACKSPACE][BACKSPACE][BACKSPACE][BACKSPACE][BACKSPACE][BACKSPACE][BACKSPACE][BACKSPACE][BACKSPACE][BACKSPACE][BACKSPACE][BACKSPACE][BACKSPACE][BACKSPACE][BACKSPACE][BACKSPACE][BACKSPACE][BACKSPACE][BACKSPACE][BACKSPACE][BACKSPACE][BACKSPACE][LSHIFT][LSHIFT]Tomorrow_morning[LSHIFT]1[LSHIFT][LSHIFT][LSHIFT][LSHIFT][LSHIFT][LSHIFT][LSHIFT]
[LSHIFT]Yesterday

[Window: KeyLogger - Microsoft Visual Studio - at Tue Nov 23 10:04:06 2021] [BACKSPACE][BACKSPACE][BACKSPACE]_[LCONTROL][LCONTROL]s

[Window: KeyLogger - Microsoft Visual Studio - at Tue Nov 23 10:05:33 2021] [UP][UP][UP][UP][UP][UP][UP][UP][UP][UP][UP][UP][UP][UP][UP][UP][UP][UP][UP][UP][UP][UP][UP][UP][UP][UP][UP][UP][UP][UP][UP][UP][UP][UP][UP][UP][UP][UP][UP][UP][UP][UP][UP][UP][UP][UP][UP][UP]

[Window: KeyLogger (Running) - Microsoft Visual Studio - at Tue Nov 23 10:06:12 2021] [DOWN]

[Window: KeyLogger (Running) - Microsoft Visual Studio - at Tue Nov 23 10:06:12 2021] [DOWN]

[Window: KeyLogger (Running) - Microsoft Visual Studio - at Tue Nov 23 10:06:12 2021] [DOWN][DOWN][DOWN][DOWN][DOWN][DOWN][DOWN][DOWN][DOWN][DOWN][DOWN][DOWN][DOWN][DOWN][DOWN][DOWN][DOWN][DOWN][DOWN][DOWN][DOWN][DOWN][DOWN][DOWN][DOWN][DOWN][DOWN][DOWN][DOWN][DOWN][DOWN][DOWN][DOWN][DOWN][DOWN][DOWN][DOWN][DOWN][DOWN][DOWN][DOWN][DOWN][DOWN][DOWN][DOWN][DOWN][DOWN][DOWN][DOWN][DOWN][DOWN][DOWN][DOWN][DOWN][DOWN][DOWN][DOWN][DOWN][DOWN][DOWN][DOWN][DOWN][DOWN][DOWN][DOWN][DOWN][DOWN][DOWN][DOWN][DOWN][DOWN][DOWN][DOWN][DOWN][DOWN][DOWN][DOWN][DOWN][DOWN][DOWN][DOWN][DOWN][DOWN][DOWN][DOWN][DOWN][DOWN][DOWN][DOWN][DOWN][DOWN][DOWN][DOWN][DOWN][DOWN][DOWN][DOWN][DOWN][DOWN][DOWN][DOWN][DOWN][DOWN][DOWN][DOWN][DOWN][DOWN][DOWN][DOWN][DOWN][DOWN][DOWN][DOWN][DOWN][DOWN][DOWN][DOWN][DOWN][DOWN][DOWN][DOWN][DOWN][DOWN][DOWN][DOWN][DOWN][DOWN][DOWN][DOWN][DOWN][DOWN][DOWN][DOWN][DOWN][DOWN][DOWN][DOWN][DOWN][DOWN][DOWN][DOWN][DOWN][DOWN][DOWN][DOWN][DOWN][DOWN][DOWN][DOWN][DOWN][DOWN][DOWN][DOWN][DOWN][DOWN][DOWN][DOWN][DOWN][DOWN][DOWN][DOWN][DOWN][DOWN][DOWN][DOWN][DOWN][DOWN][DOWN][DOWN][DOWN][DOWN][DOWN][DOWN][DOWN][DOWN][DOWN][DOWN][DOWN][DOWN][DOWN][DOWN][DOWN][DOWN][DOWN][DOWN][DOWN][DOWN][DOWN][DOWN][DOWN][DOWN][DOWN][DOWN][DOWN][DOWN][DOWN][DOWN][DOWN][DOWN][DOWN][DOWN][DOWN][DOWN][DOWN][DOWN][DOWN][DOWN][DOWN][DOWN][DOWN][DOWN][DOWN][DOWN][DOWN][DOWN][DOWN][DOWN][DOWN][DOWN][DOWN][DOWN][DOWN][DOWN][DOWN][DOWN][DOWN][DOWN][DOWN][DOWN][DOWN][DOWN][DOWN][DOWN][DOWN][DOWN]

[Window: Go To Line - at Tue Nov 23 10:07:36 2021] [BACKSPACE]

[Window: Go To Line - at Tue Nov 23 10:07:36 2021] [BACKSPACE]

[Window: Go To Line - at Tue Nov 23 10:07:36 2021] [BACKSPACE]111222666

[Window: KeyLogger (Running) - Microsoft Visual Studio - at Tue Nov 23 10:08:18 2021] [LSHIFT]

[Window: KeyLogger (Running) - Microsoft Visual Studio - at Tue Nov 23 10:08:18 2021] [LSHIFT]

[Window: KeyLogger (Running) - Microsoft Visual Studio - at Tue Nov 23 10:08:18 2021] [LSHIFT][LSHIFT][LSHIFT][LSHIFT][LSHIFT][LSHIFT][LSHIFT][LSHIFT][LSHIFT][LSHIFT][LSHIFT][LSHIFT][LSHIFT][LSHIFT][LSHIFT][LSHIFT][LSHIFT][LSHIFT][LSHIFT][LSHIFT][LSHIFT][LSHIFT][LSHIFT][LSHIFT][LSHIFT][LSHIFT][LSHIFT][LSHIFT][LSHIFT][LSHIFT][LSHIFT][[[[LSHIFT][LSHIFT][LSHIFT][LSHIFT][LSHIFT][LSHIFT][LSHIFT][LSHIFT][LSHIFT][LSHIFT][LSHIFT][LSHIFT][LSHIFT][LSHIFT][LSHIFT][LSHIFT][LSHIFT][LSHIFT][LSHIFT][LSHIFT][LSHIFT][LSHIFT][LSHIFT][LSHIFT][LSHIFT][LSHIFT][LSHIFT]]]][LCONTROL][LCONTROL][LCONTROL][LCONTROL][LCONTROL][LCONTROL][LCONTROL][LCONTROL][LCONTROL]sss

[Window: KeyLogger - Microsoft Visual Studio - at Tue Nov 23 10:41:24 2021] [BACKSPACE]

[Window: KeyLogger - Microsoft Visual Studio - at Tue Nov 23 10:41:24 2021] [BACKSPACE]

[Window: KeyLogger - Microsoft Visual Studio - at Tue Nov 23 10:41:24 2021] [BACKSPACE][BACKSPACE][BACKSPACE][BACKSPACE][BACKSPACE][BACKSPACE][BACKSPACE][LCONTROL][LCONTROL][LCONTROL]zzz[LCONTROL][LCONTROL][LCONTROL][LCONTROL][LCONTROL][LCONTROL][LCONTROL][LCONTROL][LCONTROL]sss

[Window: KeyLogger - Microsoft Visual Studio - at Tue Nov 23 10:42:13 2021] [LSHIFT][LSHIFT][LSHIFT][LSHIFT][LSHIFT][LSHIFT][LSHIFT][LSHIFT][LSHIFT][LSHIFT][LSHIFT][LSHIFT][LSHIFT][LSHIFT][LSHIFT][LSHIFT][LSHIFT][LSHIFT][LSHIFT][LSHIFT][LSHIFT][LSHIFT][LSHIFT][LSHIFT][LSHIFT][LSHIFT][LSHIFT][LSHIFT][LSHIFT][LSHIFT][LSHIFT][LSHIFT][LSHIFT][LSHIFT][LSHIFT][LSHIFT][LSHIFT][LSHIFT][LSHIFT][LSHIFT][LSHIFT][LSHIFT][LSHIFT][LSHIFT][LSHIFT][LSHIFT][LSHIFT][LSHIFT][LSHIFT][LSHIFT][LSHIFT][LSHIFT][LSHIFT][LSHIFT][LSHIFT][LSHIFT][LSHIFT][LSHIFT][LSHIFT][LSHIFT][LSHIFT][LSHIFT][LSHIFT][LSHIFT][LSHIFT][LSHIFT][LSHIFT][LSHIFT][LSHIFT][LSHIFT][LSHIFT][LSHIFT][LSHIFT][LSHIFT][LSHIFT][LSHIFT][LSHIFT][LSHIFT][LSHIFT][LSHIFT][LSHIFT][LSHIFT][LSHIFT][LSHIFT][[[[]]]][LCONTROL][LCONTROL][LCONTROL][LCONTROL]ssss

[Window: Go To Line - at Tue Nov 23 10:43:02 2021] [BACKSPACE]

[Window: Go To Line - at Tue Nov 23 10:43:02 2021] [BACKSPACE]

[Window: Go To Line - at Tue Nov 23 10:43:02 2021] [BACKSPACE]

[Window: Go To Line - at Tue Nov 23 10:43:02 2021] [BACKSPACE][BACKSPACE][BACKSPACE][BACKSPACE][BACKSPACE]

[Window: KeyLogger - Microsoft Visual Studio - at Tue Nov 23 10:43:37 2021] [LWIN]

[Window: KeyLogger - Microsoft Visual Studio - at Tue Nov 23 10:43:37 2021] [LWIN]

[Window: KeyLogger - Microsoft Visual Studio - at Tue Nov 23 10:43:37 2021] [LWIN]

[Window: KeyLogger - Microsoft Visual Studio - at Tue Nov 23 10:43:37 2021] [LWIN]eeee[LCONTROL][LCONTROL][LCONTROL][LCONTROL]ssss

[Window: *Untitled - Notepad - at Tue Nov 23 10:52:36 2021] [BACKSPACE]

[Window: *Untitled - Notepad - at Tue Nov 23 10:52:36 2021] [BACKSPACE]

[Window: *Untitled - Notepad - at Tue Nov 23 10:52:36 2021] [BACKSPACE]

[Window: *Untitled - Notepad - at Tue Nov 23 10:52:36 2021] [BACKSPACE]

[Window: *Untitled - Notepad - at Tue Nov 23 10:52:36 2021] [BACKSPACE][BACKSPACE][BACKSPACE][BACKSPACE][BACKSPACE][BACKSPACE][BACKSPACE][BACKSPACE][BACKSPACE][BACKSPACE][BACKSPACE][BACKSPACE][BACKSPACE][BACKSPACE][BACKSPACE][BACKSPACE][BACKSPACE][BACKSPACE][BACKSPACE][BACKSPACE][BACKSPACE][BACKSPACE][BACKSPACE][BACKSPACE][BACKSPACE][BACKSPACE][BACKSPACE][BACKSPACE][BACKSPACE][BACKSPACE][BACKSPACE][BACKSPACE][BACKSPACE][BACKSPACE][BACKSPACE][BACKSPACE][BACKSPACE][BACKSPACE][BACKSPACE][BACKSPACE][BACKSPACE][BACKSPACE][BACKSPACE][BACKSPACE][BACKSPACE][BACKSPACE][BACKSPACE][BACKSPACE][BACKSPACE][BACKSPACE][BACKSPACE][BACKSPACE][BACKSPACE][BACKSPACE][BACKSPACE][BACKSPACE][BACKSPACE][BACKSPACE][BACKSPACE][BACKSPACE][BACKSPACE][BACKSPACE][BACKSPACE][BACKSPACE][BACKSPACE][BACKSPACE][BACKSPACE][BACKSPACE][BACKSPACE][BACKSPACE][BACKSPACE][BACKSPACE][BACKSPACE][BACKSPACE][BACKSPACE][BACKSPACE][BACKSPACE][BACKSPACE][BACKSPACE][BACKSPACE][BACKSPACE][BACKSPACE][BACKSPACE][BACKSPACE][BACKSPACE][BACKSPACE][BACKSPACE][BACKSPACE][BACKSPACE][BACKSPACE][BACKSPACE]_____hhhhheeeeehhhhheeeeehhhhheeeeehhhhheeeee[BACKSPACE][BACKSPACE][BACKSPACE][BACKSPACE][BACKSPACE][BACKSPACE][BACKSPACE][BACKSPACE][BACKSPACE][BACKSPACE][BACKSPACE][BACKSPACE][BACKSPACE][BACKSPACE][BACKSPACE][BACKSPACE][BACKSPACE][BACKSPACE][BACKSPACE][BACKSPACE][BACKSPACE][BACKSPACE][BACKSPACE][BACKSPACE][BACKSPACE][BACKSPACE][BACKSPACE][BACKSPACE][BACKSPACE][BACKSPACE][BACKSPACE][BACKSPACE][BACKSPACE][BACKSPACE][BACKSPACE][BACKSPACE][BACKSPACE][BACKSPACE][BACKSPACE][BACKSPACE][BACKSPACE][BACKSPACE][BACKSPACE][BACKSPACE][BACKSPACE][BACKSPACE][BACKSPACE][BACKSPACE][BACKSPACE][BACKSPACE][BACKSPACE][BACKSPACE][BACKSPACE][BACKSPACE][BACKSPACE][BACKSPACE][BACKSPACE][BACKSPACE][BACKSPACE][BACKSPACE][BACKSPACE][BACKSPACE][BACKSPACE][BACKSPACE][BACKSPACE][BACKSPACE][BACKSPACE][BACKSPACE][BACKSPACE][BACKSPACE][BACKSPACE][BACKSPACE][BACKSPACE][BACKSPACE][BACKSPACE][BACKSPACE][BACKSPACE][BACKSPACE][BACKSPACE][BACKSPACE][BACKSPACE][BACKSPACE][BACKSPACE][BACKSPACE][BACKSPACE][BACKSPACE][BACKSPACE][BACKSPACE][BACKSPACE][BACKSPACE][BACKSPACE][BACKSPACE][BACKSPACE][BACKSPACE][BACKSPACE][BACKSPACE][BACKSPACE][BACKSPACE][BACKSPACE][BACKSPACE][BACKSPACE][BACKSPACE][BACKSPACE][BACKSPACE][BACKSPACE][BACKSPACE][BACKSPACE][BACKSPACE][BACKSPACE][BACKSPACE][BACKSPACE][BACKSPACE][BACKSPACE][BACKSPACE][BACKSPACE]pppppaaaaapppppaaaaa

[Window: keylogger - Notepad - at Tue Nov 23 10:54:38 2021] [DOWN]

[Window: keylogger - Notepad - at Tue Nov 23 10:54:38 2021] [DOWN]

[Window: keylogger - Notepad - at Tue Nov 23 10:54:38 2021] [DOWN]

[Window: keylogger - Notepad - at Tue Nov 23 10:54:38 2021] [DOWN]


[Window: KeyLogger (Running) - Microsoft Visual Studio - at Tue Nov 23 10:55:55 2021] [DOWN]

[Window: KeyLogger (Running) - Microsoft Visual Studio - at Tue Nov 23 10:55:55 2021] [DOWN]

[Window: KeyLogger (Running) - Microsoft Visual Studio - at Tue Nov 23 10:55:55 2021] [DOWN]

[Window: KeyLogger (Running) - Microsoft Visual Studio - at Tue Nov 23 10:55:55 2021] [DOWN]


[Window: KeyLogger - Microsoft Visual Studio - at Tue Nov 23 10:58:09 2021] [DOWN]

[Window: KeyLogger - Microsoft Visual Studio - at Tue Nov 23 10:58:09 2021] [DOWN]

[Window: KeyLogger - Microsoft Visual Studio - at Tue Nov 23 10:58:09 2021] [DOWN]

OWN][DOWN][DOWN][DOWN][DOWN][DOWN][DOWN][DOWN][DOWN][DOWN][DOWN][DOWN][DOWN][DOWN][DOWN][DOWN][DOWN][DOWN][DOWN][DOWN][DOWN][DOWN][DOWN][DOWN][DOWN][DOWN][DOWN][DOWN][DOWN][DOWN][DOWN][DOWN][DOWN][DOWN][DOWN][DOWN][DOWN][DOWN][DOWN][DOWN][DOWN][DOWN][DOWN][DOWN][DOWN][DOWN][DOWN][DOWN][DOWN][DOWN][DOWN][DOWN][DOWN][DOWN][DOWN][DOWN][DOWN][DOWN][DOWN][DOWN][DOWN][DOWN][DOWN][DOWN][DOWN][DOWN][DOWN][DOWN][DOWN][DOWN][DOWN][DOWN][DOWN][DOWN][DOWN][DOWN][DOWN][DOWN][DOWN][DOWN][DOWN][DOWN][DOWN][DOWN][DOWN][DOWN][DOWN][DOWN][DOWN][DOWN][DOWN][DOWN][DOWN][DOWN][DOWN][DOWN][DOWN][DOWN][DOWN][DOWN][DOWN][DOWN][DOWN][DOWN][DOWN][DOWN][DOWN][DOWN][DOWN][DOWN][DOWN][DOWN][DOWN][DOWN][DOWN][DOWN][DOWN][DOWN][DOWN][DOWN][DOWN][DOWN][DOWN][DOWN][DOWN][DOWN][DOWN][DOWN][DOWN][DOWN][DOWN][DOWN][DOWN][LCONTROL][LCONTROL][LCONTROL][LCONTROL]ssss

[Window: Search - at Tue Nov 23 11:10:27 2021] k

[Window: Search - at Tue Nov 23 11:10:27 2021] k

[Window: Search - at Tue Nov 23 11:10:27 2021] k

[Window: Search - at Tue Nov 23 11:10:27 2021] kkkkk[BACKSPACE][BACKSPACE][BACKSPACE][BACKSPACE]eeeeyyyylllloooo[BACKSPACE][BACKSPACE][BACKSPACE][BACKSPACE][BACKSPACE][BACKSPACE][BACKSPACE][BACKSPACE][BACKSPACE][BACKSPACE][BACKSPACE][BACKSPACE][BACKSPACE][BACKSPACE][BACKSPACE][BACKSPACE][BACKSPACE][BACKSPACE][BACKSPACE][BACKSPACE]vvvviiii

[Window: *Untitled - Notepad - at Tue Nov 23 11:20:38 2021] [BACKSPACE]

[Window: *Untitled - Notepad - at Tue Nov 23 11:20:38 2021] [BACKSPACE]

[Window: *Untitled - Notepad - at Tue Nov 23 11:20:38 2021] [BACKSPACE]

[Window: *Untitled - Notepad - at Tue Nov 23 11:20:38 2021] [BACKSPACE][BACKSPACE][BACKSPACE][BACKSPACE][BACKSPACE][BACKSPACE][BACKSPACE][BACKSPACE][BACKSPACE][BACKSPACE][BACKSPACE][BACKSPACE][BACKSPACE]

[Window: *Untitled - Notepad - at Tue Nov 23 11:20:48 2021] [LSHIFT][LSHIFT][LSHIFT][LSHIFT][LSHIFT]NNNNNooooouuuuusssss_____pppppaaaaarrrrrlllllooooonnnnnsssss_____fffffrrrrraaaaannnnnccccc[BACKSPACE][BACKSPACE][BACKSPACE][BACKSPACE][BACKSPACE]çççççaaaaaiiiiisssss[LSHIFT][LSHIFT][LSHIFT][LSHIFT][LSHIFT]11111

[Window: keylogger - Notepad - at Tue Nov 23 11:21:42 2021] [DOWN]

[Window: keylogger - Notepad - at Tue Nov 23 11:21:42 2021] [DOWN]

[Window: keylogger - Notepad - at Tue Nov 23 11:21:42 2021] [DOWN]

[Window: keylogger - Notepad - at Tue Nov 23 11:21:42 2021] [DOWN]




L[LCONTROL][LCNDOWS-4QIQQVI\User] - at Tue Nov 23 12:27:46 2021] [RSHIFT]

[Window: Process Explorer - Sysinternals: www.sysinternals.com [WINDOWS-4QIQQVI\User] - at Tue Nov 23 12:27:46 2021] [RSHIFT]

[Window: Process Explorer - Sysinternals: www.sysinternals.com [WINDOWS-4QIQQVI\User] - at Tue Nov 23 12:27:46 2021] [RSHIFT][DOWN][DOWN][DOWN][DOWN][DOWN][DOWN][DOWN][DOWN][DOWN][DOWN][DOWN][DOWN][DOWN][DOWN][DOWN][DOWN][DOWN][DOWN][DOWN][DOWN][DOWN][UP][UP][UP][UP][UP][UP][UP][UP][UP][UP][UP][UP][UP][UP][UP][UP][UP][UP][UP][UP][UP][RSHIFT][RSHIFT][RSHIFT][RSHIFT][RSHIFT][RSHIFT][DOWN][DOWN][DOWN][DOWN][DOWN][DOWN][DOWN][DOWN][DOWN][DOWN][DOWN][DOWN][DOWN][DOWN][DOWN][DOWN][DOWN][DOWN]

[Window: *Untitled - Notepad - at Tue Nov 23 12:30:44 2021] [BACKSPACE][BACKSPACE][BACKSPACE][BACKSPACE][BACKSPACE][BACKSPACE][BACKSPACE][BACKSPACE][BACKSPACE][BACKSPACE][BACKSPACE][BACKSPACE][BACKSPACE][BACKSPACE][BACKSPACE][BACKSPACE][BACKSPACE][BACKSPACE][BACKSPACE][BACKSPACE][LSHIFT]P[BACKSPACE]my_journey_as_software_developer

[Window: Dynamic Memory Allocation - PowerPoint (Product Activation Failed) - at Wed Nov 24 15:39:07 2021] [LSHIFT]A[BACKSPACE]ynamic_emoryllocation